CRITICAL - 2022-03-22 09:54:42 --> syntax error, unexpected ';', expecting ')'
#0 C:\laragon\www\gym\system\Autoloader\Autoloader.php(241): CodeIgniter\Autoloader\Autoloader->includeFile('C:\\laragon\\www\\...')
#1 C:\laragon\www\gym\system\Autoloader\Autoloader.php(219): CodeIgniter\Autoloader\Autoloader->loadInNamespace('App\\Controllers...')
#2 [internal function]: CodeIgniter\Autoloader\Autoloader->loadClass('App\\Controllers...')
#3 [internal function]: spl_autoload_call('App\\Controllers...')
#4 C:\laragon\www\gym\system\CodeIgniter.php(790): class_exists('\\App\\Controller...', true)
#5 C:\laragon\www\gym\system\CodeIgniter.php(399): CodeIgniter\CodeIgniter->startController()
#6 C:\laragon\www\gym\system\CodeIgniter.php(320): CodeIgniter\CodeIgniter->handleRequest(NULL, Object(Config\Cache), false)
#7 C:\laragon\www\gym\public\index.php(37): CodeIgniter\CodeIgniter->run()
#8 {main}
CRITICAL - 2022-03-22 09:54:59 --> syntax error, unexpected ';', expecting ']'
#0 C:\laragon\www\gym\system\Autoloader\Autoloader.php(241): CodeIgniter\Autoloader\Autoloader->includeFile('C:\\laragon\\www\\...')
#1 C:\laragon\www\gym\system\Autoloader\Autoloader.php(219): CodeIgniter\Autoloader\Autoloader->loadInNamespace('App\\Controllers...')
#2 [internal function]: CodeIgniter\Autoloader\Autoloader->loadClass('App\\Controllers...')
#3 [internal function]: spl_autoload_call('App\\Controllers...')
#4 C:\laragon\www\gym\system\CodeIgniter.php(790): class_exists('\\App\\Controller...', true)
#5 C:\laragon\www\gym\system\CodeIgniter.php(399): CodeIgniter\CodeIgniter->startController()
#6 C:\laragon\www\gym\system\CodeIgniter.php(320): CodeIgniter\CodeIgniter->handleRequest(NULL, Object(Config\Cache), false)
#7 C:\laragon\www\gym\public\index.php(37): CodeIgniter\CodeIgniter->run()
#8 {main}
CRITICAL - 2022-03-22 09:55:11 --> $keyOrKeyArray must be an instance of Firebase\JWT\Key key or an array of Firebase\JWT\Key keys
#0 C:\laragon\www\gym\vendor\firebase\php-jwt\src\JWT.php(114): Firebase\JWT\JWT::getKey('conejoSecret', NULL)
#1 C:\laragon\www\gym\app\Controllers\Auth.php(81): Firebase\JWT\JWT::decode('eyJ0eXAiOiJKV1Q...', 'conejoSecret', Array)
#2 C:\laragon\www\gym\app\Controllers\Cliente.php(19): App\Controllers\Auth->verifyToken()
#3 C:\laragon\www\gym\system\CodeIgniter.php(825): App\Controllers\Cliente->index()
#4 C:\laragon\www\gym\system\CodeIgniter.php(412): CodeIgniter\CodeIgniter->runController(Object(App\Controllers\Cliente))
#5 C:\laragon\www\gym\system\CodeIgniter.php(320): CodeIgniter\CodeIgniter->handleRequest(NULL, Object(Config\Cache), false)
#6 C:\laragon\www\gym\public\index.php(37): CodeIgniter\CodeIgniter->run()
#7 {main}
CRITICAL - 2022-03-22 09:56:41 --> $keyOrKeyArray must be an instance of Firebase\JWT\Key key or an array of Firebase\JWT\Key keys
#0 C:\laragon\www\gym\vendor\firebase\php-jwt\src\JWT.php(114): Firebase\JWT\JWT::getKey('conejoSecret', NULL)
#1 C:\laragon\www\gym\app\Controllers\Auth.php(81): Firebase\JWT\JWT::decode('eyJ0eXAiOiJKV1Q...', 'conejoSecret', 'HS256')
#2 C:\laragon\www\gym\app\Controllers\Cliente.php(19): App\Controllers\Auth->verifyToken()
#3 C:\laragon\www\gym\system\CodeIgniter.php(825): App\Controllers\Cliente->index()
#4 C:\laragon\www\gym\system\CodeIgniter.php(412): CodeIgniter\CodeIgniter->runController(Object(App\Controllers\Cliente))
#5 C:\laragon\www\gym\system\CodeIgniter.php(320): CodeIgniter\CodeIgniter->handleRequest(NULL, Object(Config\Cache), false)
#6 C:\laragon\www\gym\public\index.php(37): CodeIgniter\CodeIgniter->run()
#7 {main}
CRITICAL - 2022-03-22 10:00:06 --> Expired token
#0 C:\laragon\www\gym\app\Controllers\Auth.php(83): Firebase\JWT\JWT::decode('eyJ0eXAiOiJKV1Q...', Object(Firebase\JWT\Key))
#1 C:\laragon\www\gym\app\Controllers\Cliente.php(19): App\Controllers\Auth->verifyToken()
#2 C:\laragon\www\gym\system\CodeIgniter.php(825): App\Controllers\Cliente->index()
#3 C:\laragon\www\gym\system\CodeIgniter.php(412): CodeIgniter\CodeIgniter->runController(Object(App\Controllers\Cliente))
#4 C:\laragon\www\gym\system\CodeIgniter.php(320): CodeIgniter\CodeIgniter->handleRequest(NULL, Object(Config\Cache), false)
#5 C:\laragon\www\gym\public\index.php(37): CodeIgniter\CodeIgniter->run()
#6 {main}
