ERROR - 2022-05-18 00:09:09 --> Error connecting to the database: Access denied for user '****'@'localhost' (using password: NO)
CRITICAL - 2022-05-18 00:09:09 --> Unable to connect to the database.
Main connection [MySQLi]: Access denied for user '****'@'localhost' (using password: NO)
#0 C:\laragon\www\store\system\Database\BaseConnection.php(577): CodeIgniter\Database\BaseConnection->initialize()
#1 C:\laragon\www\store\system\Database\BaseBuilder.php(1455): CodeIgniter\Database\BaseConnection->query('SELECT *\nFROM `...', Array, false)
#2 C:\laragon\www\store\system\Model.php(210): CodeIgniter\Database\BaseBuilder->get()
#3 C:\laragon\www\store\system\BaseModel.php(622): CodeIgniter\Model->doFirst()
#4 C:\laragon\www\store\app\Models\clienteModel.php(23): CodeIgniter\BaseModel->first()
#5 C:\laragon\www\store\app\Controllers\Auth.php(68): App\Models\ClienteModel->login('administrador', 'administrador')
#6 C:\laragon\www\store\system\CodeIgniter.php(825): App\Controllers\Auth->create()
#7 C:\laragon\www\store\system\CodeIgniter.php(412): CodeIgniter\CodeIgniter->runController(Object(App\Controllers\Auth))
#8 C:\laragon\www\store\system\CodeIgniter.php(320): CodeIgniter\CodeIgniter->handleRequest(NULL, Object(Config\Cache), false)
#9 C:\laragon\www\store\public\index.php(37): CodeIgniter\CodeIgniter->run()
#10 {main}
ERROR - 2022-05-18 00:13:30 --> Error connecting to the database: Access denied for user '****'@'localhost' (using password: NO)
CRITICAL - 2022-05-18 00:13:30 --> Unable to connect to the database.
Main connection [MySQLi]: Access denied for user '****'@'localhost' (using password: NO)
#0 C:\laragon\www\store\system\Database\BaseConnection.php(577): CodeIgniter\Database\BaseConnection->initialize()
#1 C:\laragon\www\store\system\Database\BaseBuilder.php(1455): CodeIgniter\Database\BaseConnection->query('SELECT *\nFROM `...', Array, false)
#2 C:\laragon\www\store\system\Model.php(210): CodeIgniter\Database\BaseBuilder->get()
#3 C:\laragon\www\store\system\BaseModel.php(622): CodeIgniter\Model->doFirst()
#4 C:\laragon\www\store\app\Models\clienteModel.php(23): CodeIgniter\BaseModel->first()
#5 C:\laragon\www\store\app\Controllers\Auth.php(68): App\Models\ClienteModel->login('administrador', 'administrador')
#6 C:\laragon\www\store\system\CodeIgniter.php(825): App\Controllers\Auth->create()
#7 C:\laragon\www\store\system\CodeIgniter.php(412): CodeIgniter\CodeIgniter->runController(Object(App\Controllers\Auth))
#8 C:\laragon\www\store\system\CodeIgniter.php(320): CodeIgniter\CodeIgniter->handleRequest(NULL, Object(Config\Cache), false)
#9 C:\laragon\www\store\public\index.php(37): CodeIgniter\CodeIgniter->run()
#10 {main}
ERROR - 2022-05-18 00:22:43 --> Error connecting to the database: Access denied for user '****'@'localhost' (using password: NO)
CRITICAL - 2022-05-18 00:22:43 --> Unable to connect to the database.
Main connection [MySQLi]: Access denied for user '****'@'localhost' (using password: NO)
#0 C:\laragon\www\store\system\Database\BaseConnection.php(577): CodeIgniter\Database\BaseConnection->initialize()
#1 C:\laragon\www\store\system\Database\BaseBuilder.php(1455): CodeIgniter\Database\BaseConnection->query('SELECT *\nFROM `...', Array, false)
#2 C:\laragon\www\store\system\Model.php(210): CodeIgniter\Database\BaseBuilder->get()
#3 C:\laragon\www\store\system\BaseModel.php(622): CodeIgniter\Model->doFirst()
#4 C:\laragon\www\store\app\Models\clienteModel.php(23): CodeIgniter\BaseModel->first()
#5 C:\laragon\www\store\app\Controllers\Auth.php(70): App\Models\ClienteModel->login('administrador', 'administrador')
#6 C:\laragon\www\store\system\CodeIgniter.php(825): App\Controllers\Auth->create()
#7 C:\laragon\www\store\system\CodeIgniter.php(412): CodeIgniter\CodeIgniter->runController(Object(App\Controllers\Auth))
#8 C:\laragon\www\store\system\CodeIgniter.php(320): CodeIgniter\CodeIgniter->handleRequest(NULL, Object(Config\Cache), false)
#9 C:\laragon\www\store\public\index.php(37): CodeIgniter\CodeIgniter->run()
#10 {main}
ERROR - 2022-05-18 00:23:07 --> Error connecting to the database: Access denied for user '****'@'localhost' (using password: NO)
CRITICAL - 2022-05-18 00:23:07 --> Unable to connect to the database.
Main connection [MySQLi]: Access denied for user '****'@'localhost' (using password: NO)
#0 C:\laragon\www\store\system\Database\BaseConnection.php(577): CodeIgniter\Database\BaseConnection->initialize()
#1 C:\laragon\www\store\system\Database\BaseBuilder.php(1455): CodeIgniter\Database\BaseConnection->query('SELECT *\nFROM `...', Array, false)
#2 C:\laragon\www\store\system\Model.php(210): CodeIgniter\Database\BaseBuilder->get()
#3 C:\laragon\www\store\system\BaseModel.php(622): CodeIgniter\Model->doFirst()
#4 C:\laragon\www\store\app\Models\clienteModel.php(23): CodeIgniter\BaseModel->first()
#5 C:\laragon\www\store\app\Controllers\Auth.php(70): App\Models\ClienteModel->login('administrador', 'administrador')
#6 C:\laragon\www\store\system\CodeIgniter.php(825): App\Controllers\Auth->create()
#7 C:\laragon\www\store\system\CodeIgniter.php(412): CodeIgniter\CodeIgniter->runController(Object(App\Controllers\Auth))
#8 C:\laragon\www\store\system\CodeIgniter.php(320): CodeIgniter\CodeIgniter->handleRequest(NULL, Object(Config\Cache), false)
#9 C:\laragon\www\store\public\index.php(37): CodeIgniter\CodeIgniter->run()
#10 {main}
ERROR - 2022-05-18 00:34:23 --> Error connecting to the database: Access denied for user '****'@'localhost' (using password: NO)
CRITICAL - 2022-05-18 00:34:23 --> Unable to connect to the database.
Main connection [MySQLi]: Access denied for user '****'@'localhost' (using password: NO)
#0 C:\laragon\www\store\system\Database\BaseConnection.php(577): CodeIgniter\Database\BaseConnection->initialize()
#1 C:\laragon\www\store\system\Database\BaseBuilder.php(1455): CodeIgniter\Database\BaseConnection->query('SELECT *\nFROM `...', Array, false)
#2 C:\laragon\www\store\system\Model.php(210): CodeIgniter\Database\BaseBuilder->get()
#3 C:\laragon\www\store\system\BaseModel.php(622): CodeIgniter\Model->doFirst()
#4 C:\laragon\www\store\app\Models\clienteModel.php(23): CodeIgniter\BaseModel->first()
#5 C:\laragon\www\store\app\Controllers\Auth.php(70): App\Models\ClienteModel->login('administrador', 'administrador')
#6 C:\laragon\www\store\system\CodeIgniter.php(825): App\Controllers\Auth->create()
#7 C:\laragon\www\store\system\CodeIgniter.php(412): CodeIgniter\CodeIgniter->runController(Object(App\Controllers\Auth))
#8 C:\laragon\www\store\system\CodeIgniter.php(320): CodeIgniter\CodeIgniter->handleRequest(NULL, Object(Config\Cache), false)
#9 C:\laragon\www\store\public\index.php(37): CodeIgniter\CodeIgniter->run()
#10 {main}
ERROR - 2022-05-18 01:14:53 --> Error connecting to the database: Access denied for user '****'@'localhost' (using password: NO)
CRITICAL - 2022-05-18 01:14:53 --> Unable to connect to the database.
Main connection [MySQLi]: Access denied for user '****'@'localhost' (using password: NO)
#0 C:\laragon\www\store\system\Database\BaseConnection.php(577): CodeIgniter\Database\BaseConnection->initialize()
#1 C:\laragon\www\store\system\Database\BaseBuilder.php(1455): CodeIgniter\Database\BaseConnection->query('SELECT *\nFROM `...', Array, false)
#2 C:\laragon\www\store\system\Model.php(210): CodeIgniter\Database\BaseBuilder->get()
#3 C:\laragon\www\store\system\BaseModel.php(622): CodeIgniter\Model->doFirst()
#4 C:\laragon\www\store\app\Models\clienteModel.php(23): CodeIgniter\BaseModel->first()
#5 C:\laragon\www\store\app\Controllers\Auth.php(70): App\Models\ClienteModel->login('administrador', 'administrador')
#6 C:\laragon\www\store\system\CodeIgniter.php(825): App\Controllers\Auth->create()
#7 C:\laragon\www\store\system\CodeIgniter.php(412): CodeIgniter\CodeIgniter->runController(Object(App\Controllers\Auth))
#8 C:\laragon\www\store\system\CodeIgniter.php(320): CodeIgniter\CodeIgniter->handleRequest(NULL, Object(Config\Cache), false)
#9 C:\laragon\www\store\public\index.php(37): CodeIgniter\CodeIgniter->run()
#10 {main}
ERROR - 2022-05-18 01:17:37 --> Error connecting to the database: Access denied for user '****'@'localhost' (using password: NO)
CRITICAL - 2022-05-18 01:17:37 --> Unable to connect to the database.
Main connection [MySQLi]: Access denied for user '****'@'localhost' (using password: NO)
#0 C:\laragon\www\store\system\Database\BaseConnection.php(577): CodeIgniter\Database\BaseConnection->initialize()
#1 C:\laragon\www\store\system\Database\BaseBuilder.php(1455): CodeIgniter\Database\BaseConnection->query('SELECT *\nFROM `...', Array, false)
#2 C:\laragon\www\store\system\Model.php(210): CodeIgniter\Database\BaseBuilder->get()
#3 C:\laragon\www\store\system\BaseModel.php(622): CodeIgniter\Model->doFirst()
#4 C:\laragon\www\store\app\Models\clienteModel.php(23): CodeIgniter\BaseModel->first()
#5 C:\laragon\www\store\app\Controllers\Auth.php(70): App\Models\ClienteModel->login('administrador', 'administrador')
#6 C:\laragon\www\store\system\CodeIgniter.php(825): App\Controllers\Auth->create()
#7 C:\laragon\www\store\system\CodeIgniter.php(412): CodeIgniter\CodeIgniter->runController(Object(App\Controllers\Auth))
#8 C:\laragon\www\store\system\CodeIgniter.php(320): CodeIgniter\CodeIgniter->handleRequest(NULL, Object(Config\Cache), false)
#9 C:\laragon\www\store\public\index.php(37): CodeIgniter\CodeIgniter->run()
#10 {main}
ERROR - 2022-05-18 02:03:52 --> Error connecting to the database: Access denied for user '****'@'localhost' (using password: NO)
CRITICAL - 2022-05-18 02:03:52 --> Unable to connect to the database.
Main connection [MySQLi]: Access denied for user '****'@'localhost' (using password: NO)
#0 C:\laragon\www\store\system\Database\BaseConnection.php(577): CodeIgniter\Database\BaseConnection->initialize()
#1 C:\laragon\www\store\system\Database\BaseBuilder.php(1455): CodeIgniter\Database\BaseConnection->query('SELECT *\nFROM `...', Array, false)
#2 C:\laragon\www\store\system\Model.php(210): CodeIgniter\Database\BaseBuilder->get()
#3 C:\laragon\www\store\system\BaseModel.php(622): CodeIgniter\Model->doFirst()
#4 C:\laragon\www\store\app\Models\clienteModel.php(23): CodeIgniter\BaseModel->first()
#5 C:\laragon\www\store\app\Controllers\Auth.php(70): App\Models\ClienteModel->login('admin', 'admin')
#6 C:\laragon\www\store\system\CodeIgniter.php(825): App\Controllers\Auth->create()
#7 C:\laragon\www\store\system\CodeIgniter.php(412): CodeIgniter\CodeIgniter->runController(Object(App\Controllers\Auth))
#8 C:\laragon\www\store\system\CodeIgniter.php(320): CodeIgniter\CodeIgniter->handleRequest(NULL, Object(Config\Cache), false)
#9 C:\laragon\www\store\public\index.php(37): CodeIgniter\CodeIgniter->run()
#10 {main}
ERROR - 2022-05-18 02:03:58 --> Error connecting to the database: Access denied for user '****'@'localhost' (using password: NO)
CRITICAL - 2022-05-18 02:03:59 --> Unable to connect to the database.
Main connection [MySQLi]: Access denied for user '****'@'localhost' (using password: NO)
#0 C:\laragon\www\store\system\Database\BaseConnection.php(577): CodeIgniter\Database\BaseConnection->initialize()
#1 C:\laragon\www\store\system\Database\BaseBuilder.php(1455): CodeIgniter\Database\BaseConnection->query('SELECT *\nFROM `...', Array, false)
#2 C:\laragon\www\store\system\Model.php(210): CodeIgniter\Database\BaseBuilder->get()
#3 C:\laragon\www\store\system\BaseModel.php(622): CodeIgniter\Model->doFirst()
#4 C:\laragon\www\store\app\Models\clienteModel.php(23): CodeIgniter\BaseModel->first()
#5 C:\laragon\www\store\app\Controllers\Auth.php(70): App\Models\ClienteModel->login('admin', 'admin')
#6 C:\laragon\www\store\system\CodeIgniter.php(825): App\Controllers\Auth->create()
#7 C:\laragon\www\store\system\CodeIgniter.php(412): CodeIgniter\CodeIgniter->runController(Object(App\Controllers\Auth))
#8 C:\laragon\www\store\system\CodeIgniter.php(320): CodeIgniter\CodeIgniter->handleRequest(NULL, Object(Config\Cache), false)
#9 C:\laragon\www\store\public\index.php(37): CodeIgniter\CodeIgniter->run()
#10 {main}
ERROR - 2022-05-18 02:07:39 --> Error connecting to the database: Access denied for user '****'@'localhost' (using password: NO)
CRITICAL - 2022-05-18 02:07:39 --> Unable to connect to the database.
Main connection [MySQLi]: Access denied for user '****'@'localhost' (using password: NO)
#0 C:\laragon\www\store\system\Database\BaseConnection.php(577): CodeIgniter\Database\BaseConnection->initialize()
#1 C:\laragon\www\store\system\Database\BaseBuilder.php(1455): CodeIgniter\Database\BaseConnection->query('SELECT *\nFROM `...', Array, false)
#2 C:\laragon\www\store\system\Model.php(210): CodeIgniter\Database\BaseBuilder->get()
#3 C:\laragon\www\store\system\BaseModel.php(622): CodeIgniter\Model->doFirst()
#4 C:\laragon\www\store\app\Models\clienteModel.php(23): CodeIgniter\BaseModel->first()
#5 C:\laragon\www\store\app\Controllers\Auth.php(70): App\Models\ClienteModel->login('admin', 'admin')
#6 C:\laragon\www\store\system\CodeIgniter.php(825): App\Controllers\Auth->create()
#7 C:\laragon\www\store\system\CodeIgniter.php(412): CodeIgniter\CodeIgniter->runController(Object(App\Controllers\Auth))
#8 C:\laragon\www\store\system\CodeIgniter.php(320): CodeIgniter\CodeIgniter->handleRequest(NULL, Object(Config\Cache), false)
#9 C:\laragon\www\store\public\index.php(37): CodeIgniter\CodeIgniter->run()
#10 {main}
ERROR - 2022-05-18 02:08:25 --> Error connecting to the database: Access denied for user '****'@'localhost' (using password: NO)
CRITICAL - 2022-05-18 02:08:25 --> Unable to connect to the database.
Main connection [MySQLi]: Access denied for user '****'@'localhost' (using password: NO)
#0 C:\laragon\www\store\system\Database\BaseConnection.php(577): CodeIgniter\Database\BaseConnection->initialize()
#1 C:\laragon\www\store\system\Database\BaseBuilder.php(1455): CodeIgniter\Database\BaseConnection->query('SELECT *\nFROM `...', Array, false)
#2 C:\laragon\www\store\system\Model.php(210): CodeIgniter\Database\BaseBuilder->get()
#3 C:\laragon\www\store\system\BaseModel.php(622): CodeIgniter\Model->doFirst()
#4 C:\laragon\www\store\app\Models\clienteModel.php(23): CodeIgniter\BaseModel->first()
#5 C:\laragon\www\store\app\Controllers\Auth.php(70): App\Models\ClienteModel->login('admin', 'admin')
#6 C:\laragon\www\store\system\CodeIgniter.php(825): App\Controllers\Auth->create()
#7 C:\laragon\www\store\system\CodeIgniter.php(412): CodeIgniter\CodeIgniter->runController(Object(App\Controllers\Auth))
#8 C:\laragon\www\store\system\CodeIgniter.php(320): CodeIgniter\CodeIgniter->handleRequest(NULL, Object(Config\Cache), false)
#9 C:\laragon\www\store\public\index.php(37): CodeIgniter\CodeIgniter->run()
#10 {main}
ERROR - 2022-05-18 02:14:16 --> Unknown column 'cuenta' in 'where clause'
CRITICAL - 2022-05-18 02:14:16 --> Unknown column 'cuenta' in 'where clause'
#0 C:\laragon\www\store\system\Database\MySQLi\Connection.php(292): mysqli->query('SELECT *\nFROM `...', 0)
#1 C:\laragon\www\store\system\Database\BaseConnection.php(670): CodeIgniter\Database\MySQLi\Connection->execute('SELECT *\nFROM `...')
#2 C:\laragon\www\store\system\Database\BaseConnection.php(598): CodeIgniter\Database\BaseConnection->simpleQuery('SELECT *\nFROM `...')
#3 C:\laragon\www\store\system\Database\BaseBuilder.php(1455): CodeIgniter\Database\BaseConnection->query('SELECT *\nFROM `...', Array, false)
#4 C:\laragon\www\store\system\Model.php(210): CodeIgniter\Database\BaseBuilder->get()
#5 C:\laragon\www\store\system\BaseModel.php(622): CodeIgniter\Model->doFirst()
#6 C:\laragon\www\store\app\Models\clienteModel.php(23): CodeIgniter\BaseModel->first()
#7 C:\laragon\www\store\app\Controllers\Auth.php(70): App\Models\ClienteModel->login('admin', 'admin')
#8 C:\laragon\www\store\system\CodeIgniter.php(825): App\Controllers\Auth->create()
#9 C:\laragon\www\store\system\CodeIgniter.php(412): CodeIgniter\CodeIgniter->runController(Object(App\Controllers\Auth))
#10 C:\laragon\www\store\system\CodeIgniter.php(320): CodeIgniter\CodeIgniter->handleRequest(NULL, Object(Config\Cache), false)
#11 C:\laragon\www\store\public\index.php(37): CodeIgniter\CodeIgniter->run()
#12 {main}
ERROR - 2022-05-18 02:14:20 --> Unknown column 'cuenta' in 'where clause'
CRITICAL - 2022-05-18 02:14:20 --> Unknown column 'cuenta' in 'where clause'
#0 C:\laragon\www\store\system\Database\MySQLi\Connection.php(292): mysqli->query('SELECT *\nFROM `...', 0)
#1 C:\laragon\www\store\system\Database\BaseConnection.php(670): CodeIgniter\Database\MySQLi\Connection->execute('SELECT *\nFROM `...')
#2 C:\laragon\www\store\system\Database\BaseConnection.php(598): CodeIgniter\Database\BaseConnection->simpleQuery('SELECT *\nFROM `...')
#3 C:\laragon\www\store\system\Database\BaseBuilder.php(1455): CodeIgniter\Database\BaseConnection->query('SELECT *\nFROM `...', Array, false)
#4 C:\laragon\www\store\system\Model.php(210): CodeIgniter\Database\BaseBuilder->get()
#5 C:\laragon\www\store\system\BaseModel.php(622): CodeIgniter\Model->doFirst()
#6 C:\laragon\www\store\app\Models\clienteModel.php(23): CodeIgniter\BaseModel->first()
#7 C:\laragon\www\store\app\Controllers\Auth.php(70): App\Models\ClienteModel->login('admin', 'admin')
#8 C:\laragon\www\store\system\CodeIgniter.php(825): App\Controllers\Auth->create()
#9 C:\laragon\www\store\system\CodeIgniter.php(412): CodeIgniter\CodeIgniter->runController(Object(App\Controllers\Auth))
#10 C:\laragon\www\store\system\CodeIgniter.php(320): CodeIgniter\CodeIgniter->handleRequest(NULL, Object(Config\Cache), false)
#11 C:\laragon\www\store\public\index.php(37): CodeIgniter\CodeIgniter->run()
#12 {main}
