CRITICAL - 2022-02-22 08:42:14 --> syntax error, unexpected '(', expecting variable (T_VARIABLE)
#0 C:\laragon\www\gym\system\Router\Router.php(175): CodeIgniter\Router\Router->autoRoute('cliente')
#1 C:\laragon\www\gym\system\CodeIgniter.php(719): CodeIgniter\Router\Router->handle('cliente')
#2 C:\laragon\www\gym\system\CodeIgniter.php(361): CodeIgniter\CodeIgniter->tryToRouteIt(Object(CodeIgniter\Router\RouteCollection))
#3 C:\laragon\www\gym\system\CodeIgniter.php(320): CodeIgniter\CodeIgniter->handleRequest(NULL, Object(Config\Cache), false)
#4 C:\laragon\www\gym\public\index.php(37): CodeIgniter\CodeIgniter->run()
#5 {main}
ERROR - 2022-02-22 08:51:05 --> Duplicate entry '622 145' for key 'telefono'
CRITICAL - 2022-02-22 08:51:05 --> Duplicate entry '622 145' for key 'telefono'
#0 C:\laragon\www\gym\system\Database\MySQLi\Connection.php(292): mysqli->query('INSERT INTO `cl...', 0)
#1 C:\laragon\www\gym\system\Database\BaseConnection.php(670): CodeIgniter\Database\MySQLi\Connection->execute('INSERT INTO `cl...')
#2 C:\laragon\www\gym\system\Database\BaseConnection.php(598): CodeIgniter\Database\BaseConnection->simpleQuery('INSERT INTO `cl...')
#3 C:\laragon\www\gym\system\Database\BaseBuilder.php(1771): CodeIgniter\Database\BaseConnection->query('INSERT INTO `cl...', Array, false)
#4 C:\laragon\www\gym\system\Model.php(239): CodeIgniter\Database\BaseBuilder->insert()
#5 C:\laragon\www\gym\system\BaseModel.php(738): CodeIgniter\Model->doInsert(Array)
#6 C:\laragon\www\gym\system\Model.php(625): CodeIgniter\BaseModel->insert(Array, true)
#7 C:\laragon\www\gym\app\Controllers\Cliente.php(30): CodeIgniter\Model->insert(Array)
#8 C:\laragon\www\gym\system\CodeIgniter.php(825): App\Controllers\Cliente->index()
#9 C:\laragon\www\gym\system\CodeIgniter.php(412): CodeIgniter\CodeIgniter->runController(Object(App\Controllers\Cliente))
#10 C:\laragon\www\gym\system\CodeIgniter.php(320): CodeIgniter\CodeIgniter->handleRequest(NULL, Object(Config\Cache), false)
#11 C:\laragon\www\gym\public\index.php(37): CodeIgniter\CodeIgniter->run()
#12 {main}
