CRITICAL - 2022-03-01 08:34:10 --> Return value of CodeIgniter\BaseModel::transformDataToArray() must be of the type array, string returned
#0 C:\laragon\www\gym\system\BaseModel.php(832): CodeIgniter\BaseModel->transformDataToArray('6', 'update')
#1 C:\laragon\www\gym\system\Model.php(651): CodeIgniter\BaseModel->update(Array, '6')
#2 C:\laragon\www\gym\app\Controllers\Cliente.php(69): CodeIgniter\Model->update(Array, '6')
#3 C:\laragon\www\gym\system\CodeIgniter.php(825): App\Controllers\Cliente->edit('6')
#4 C:\laragon\www\gym\system\CodeIgniter.php(412): CodeIgniter\CodeIgniter->runController(Object(App\Controllers\Cliente))
#5 C:\laragon\www\gym\system\CodeIgniter.php(320): CodeIgniter\CodeIgniter->handleRequest(NULL, Object(Config\Cache), false)
#6 C:\laragon\www\gym\public\index.php(37): CodeIgniter\CodeIgniter->run()
#7 {main}
CRITICAL - 2022-03-01 08:38:57 --> Declaration of App\Controllers\Cliente::edit($id) should be compatible with CodeIgniter\RESTful\ResourceController::edit($id = NULL)
#0 C:\laragon\www\gym\app\Controllers\Cliente.php(6): CodeIgniter\Debug\Exceptions->errorHandler(2, 'Declaration of ...', 'C:\\laragon\\www\\...', 55, Array)
#1 C:\laragon\www\gym\system\Autoloader\Autoloader.php(264): include_once('C:\\laragon\\www\\...')
#2 C:\laragon\www\gym\system\Autoloader\Autoloader.php(241): CodeIgniter\Autoloader\Autoloader->includeFile('C:\\laragon\\www\\...')
#3 C:\laragon\www\gym\system\Autoloader\Autoloader.php(219): CodeIgniter\Autoloader\Autoloader->loadInNamespace('App\\Controllers...')
#4 [internal function]: CodeIgniter\Autoloader\Autoloader->loadClass('App\\Controllers...')
#5 [internal function]: spl_autoload_call('App\\Controllers...')
#6 C:\laragon\www\gym\system\CodeIgniter.php(790): class_exists('\\App\\Controller...', true)
#7 C:\laragon\www\gym\system\CodeIgniter.php(399): CodeIgniter\CodeIgniter->startController()
#8 C:\laragon\www\gym\system\CodeIgniter.php(320): CodeIgniter\CodeIgniter->handleRequest(NULL, Object(Config\Cache), false)
#9 C:\laragon\www\gym\public\index.php(37): CodeIgniter\CodeIgniter->run()
#10 {main}
CRITICAL - 2022-03-01 08:39:02 --> Declaration of App\Controllers\Cliente::edit($id) should be compatible with CodeIgniter\RESTful\ResourceController::edit($id = NULL)
#0 C:\laragon\www\gym\app\Controllers\Cliente.php(6): CodeIgniter\Debug\Exceptions->errorHandler(2, 'Declaration of ...', 'C:\\laragon\\www\\...', 55, Array)
#1 C:\laragon\www\gym\system\Autoloader\Autoloader.php(264): include_once('C:\\laragon\\www\\...')
#2 C:\laragon\www\gym\system\Autoloader\Autoloader.php(241): CodeIgniter\Autoloader\Autoloader->includeFile('C:\\laragon\\www\\...')
#3 C:\laragon\www\gym\system\Autoloader\Autoloader.php(219): CodeIgniter\Autoloader\Autoloader->loadInNamespace('App\\Controllers...')
#4 [internal function]: CodeIgniter\Autoloader\Autoloader->loadClass('App\\Controllers...')
#5 [internal function]: spl_autoload_call('App\\Controllers...')
#6 C:\laragon\www\gym\system\CodeIgniter.php(790): class_exists('\\App\\Controller...', true)
#7 C:\laragon\www\gym\system\CodeIgniter.php(399): CodeIgniter\CodeIgniter->startController()
#8 C:\laragon\www\gym\system\CodeIgniter.php(320): CodeIgniter\CodeIgniter->handleRequest(NULL, Object(Config\Cache), false)
#9 C:\laragon\www\gym\public\index.php(37): CodeIgniter\CodeIgniter->run()
#10 {main}
CRITICAL - 2022-03-01 08:44:03 --> syntax error, unexpected '|'
#0 C:\laragon\www\gym\system\Autoloader\Autoloader.php(241): CodeIgniter\Autoloader\Autoloader->includeFile('C:\\laragon\\www\\...')
#1 C:\laragon\www\gym\system\Autoloader\Autoloader.php(219): CodeIgniter\Autoloader\Autoloader->loadInNamespace('App\\Controllers...')
#2 [internal function]: CodeIgniter\Autoloader\Autoloader->loadClass('App\\Controllers...')
#3 [internal function]: spl_autoload_call('App\\Controllers...')
#4 C:\laragon\www\gym\system\CodeIgniter.php(790): class_exists('\\App\\Controller...', true)
#5 C:\laragon\www\gym\system\CodeIgniter.php(399): CodeIgniter\CodeIgniter->startController()
#6 C:\laragon\www\gym\system\CodeIgniter.php(320): CodeIgniter\CodeIgniter->handleRequest(NULL, Object(Config\Cache), false)
#7 C:\laragon\www\gym\public\index.php(37): CodeIgniter\CodeIgniter->run()
#8 {main}
CRITICAL - 2022-03-01 08:47:10 --> Call to undefined method App\Models\ClienteModel::deleted
#0 C:\laragon\www\gym\app\Controllers\Cliente.php(83): CodeIgniter\Model->__call('deleted', Array)
#1 C:\laragon\www\gym\system\CodeIgniter.php(825): App\Controllers\Cliente->delete('6')
#2 C:\laragon\www\gym\system\CodeIgniter.php(412): CodeIgniter\CodeIgniter->runController(Object(App\Controllers\Cliente))
#3 C:\laragon\www\gym\system\CodeIgniter.php(320): CodeIgniter\CodeIgniter->handleRequest(NULL, Object(Config\Cache), false)
#4 C:\laragon\www\gym\public\index.php(37): CodeIgniter\CodeIgniter->run()
#5 {main}
CRITICAL - 2022-03-01 09:10:59 --> syntax error, unexpected 'if' (T_IF)
#0 C:\laragon\www\gym\system\Router\Router.php(175): CodeIgniter\Router\Router->autoRoute('cliente/update/...')
#1 C:\laragon\www\gym\system\CodeIgniter.php(719): CodeIgniter\Router\Router->handle('cliente/update/...')
#2 C:\laragon\www\gym\system\CodeIgniter.php(361): CodeIgniter\CodeIgniter->tryToRouteIt(Object(CodeIgniter\Router\RouteCollection))
#3 C:\laragon\www\gym\system\CodeIgniter.php(320): CodeIgniter\CodeIgniter->handleRequest(NULL, Object(Config\Cache), false)
#4 C:\laragon\www\gym\public\index.php(37): CodeIgniter\CodeIgniter->run()
#5 {main}
