CRITICAL - 2022-10-10 20:09:18 --> Cannot modify header information - headers already sent by (output started at C:\laragon\www\store\app\Config\Events.php:32)
#0 [internal function]: CodeIgniter\Debug\Exceptions->errorHandler(2, 'Cannot modify h...', 'C:\\laragon\\www\\...', 4, Array)
#1 C:\laragon\www\store\app\Controllers\Auth.php(4): header('Access-Control-...')
#2 C:\laragon\www\store\system\Autoloader\Autoloader.php(264): include_once('C:\\laragon\\www\\...')
#3 C:\laragon\www\store\system\Autoloader\Autoloader.php(241): CodeIgniter\Autoloader\Autoloader->includeFile('C:\\laragon\\www\\...')
#4 C:\laragon\www\store\system\Autoloader\Autoloader.php(219): CodeIgniter\Autoloader\Autoloader->loadInNamespace('App\\Controllers...')
#5 [internal function]: CodeIgniter\Autoloader\Autoloader->loadClass('App\\Controllers...')
#6 [internal function]: spl_autoload_call('App\\Controllers...')
#7 C:\laragon\www\store\system\CodeIgniter.php(790): class_exists('\\App\\Controller...', true)
#8 C:\laragon\www\store\system\CodeIgniter.php(399): CodeIgniter\CodeIgniter->startController()
#9 C:\laragon\www\store\system\CodeIgniter.php(320): CodeIgniter\CodeIgniter->handleRequest(NULL, Object(Config\Cache), false)
#10 C:\laragon\www\store\public\index.php(37): CodeIgniter\CodeIgniter->run()
#11 {main}
CRITICAL - 2022-10-10 20:09:18 --> Uncaught ErrorException: Cannot modify header information - headers already sent by (output started at C:\laragon\www\store\app\Config\Events.php:32) in C:\laragon\www\store\system\Debug\Exceptions.php:112
Stack trace:
#0 [internal function]: CodeIgniter\Debug\Exceptions->errorHandler(2, 'Cannot modify h...', 'C:\\laragon\\www\\...', 112, Array)
#1 C:\laragon\www\store\system\Debug\Exceptions.php(112): header('HTTP/1.1 500 In...', true, 500)
#2 [internal function]: CodeIgniter\Debug\Exceptions->exceptionHandler(Object(ErrorException))
#3 {main}
  thrown
#0 [internal function]: CodeIgniter\Debug\Exceptions->shutdownHandler()
#1 {main}
