ERROR - 2022-05-17 17:15:51 --> Error connecting to the database: Access denied for user '****'@'localhost' (using password: NO)
ERROR - 2022-05-17 17:15:51 --> Error connecting to the database: Access denied for user '****'@'localhost' (using password: NO)
ERROR - 2022-05-17 17:15:51 --> Error connecting to the database: Access denied for user '****'@'localhost' (using password: NO)
ERROR - 2022-05-17 17:15:51 --> Error connecting to the database: Access denied for user '****'@'localhost' (using password: NO)
ERROR - 2022-05-17 17:15:51 --> Error connecting to the database: Access denied for user '****'@'localhost' (using password: NO)
CRITICAL - 2022-05-17 17:15:51 --> Unable to connect to the database.
Main connection [MySQLi]: Access denied for user '****'@'localhost' (using password: NO)
#0 C:\laragon\www\store\system\Database\BaseConnection.php(577): CodeIgniter\Database\BaseConnection->initialize()
#1 C:\laragon\www\store\system\Database\BaseBuilder.php(1455): CodeIgniter\Database\BaseConnection->query('SELECT *\nFROM `...', Array, false)
#2 C:\laragon\www\store\system\Model.php(210): CodeIgniter\Database\BaseBuilder->get()
#3 C:\laragon\www\store\system\BaseModel.php(622): CodeIgniter\Model->doFirst()
#4 C:\laragon\www\store\app\Models\clienteModel.php(23): CodeIgniter\BaseModel->first()
#5 C:\laragon\www\store\app\Controllers\Auth.php(68): App\Models\ClienteModel->login(NULL, NULL)
#6 C:\laragon\www\store\system\CodeIgniter.php(825): App\Controllers\Auth->create()
#7 C:\laragon\www\store\system\CodeIgniter.php(412): CodeIgniter\CodeIgniter->runController(Object(App\Controllers\Auth))
#8 C:\laragon\www\store\system\CodeIgniter.php(320): CodeIgniter\CodeIgniter->handleRequest(NULL, Object(Config\Cache), false)
#9 C:\laragon\www\store\public\index.php(37): CodeIgniter\CodeIgniter->run()
#10 {main}
CRITICAL - 2022-05-17 17:15:51 --> Unable to connect to the database.
Main connection [MySQLi]: Access denied for user '****'@'localhost' (using password: NO)
#0 C:\laragon\www\store\system\Database\BaseConnection.php(577): CodeIgniter\Database\BaseConnection->initialize()
#1 C:\laragon\www\store\system\Database\BaseBuilder.php(1455): CodeIgniter\Database\BaseConnection->query('SELECT *\nFROM `...', Array, false)
#2 C:\laragon\www\store\system\Model.php(210): CodeIgniter\Database\BaseBuilder->get()
#3 C:\laragon\www\store\system\BaseModel.php(622): CodeIgniter\Model->doFirst()
#4 C:\laragon\www\store\app\Models\clienteModel.php(23): CodeIgniter\BaseModel->first()
#5 C:\laragon\www\store\app\Controllers\Auth.php(68): App\Models\ClienteModel->login(NULL, NULL)
#6 C:\laragon\www\store\system\CodeIgniter.php(825): App\Controllers\Auth->create()
#7 C:\laragon\www\store\system\CodeIgniter.php(412): CodeIgniter\CodeIgniter->runController(Object(App\Controllers\Auth))
#8 C:\laragon\www\store\system\CodeIgniter.php(320): CodeIgniter\CodeIgniter->handleRequest(NULL, Object(Config\Cache), false)
#9 C:\laragon\www\store\public\index.php(37): CodeIgniter\CodeIgniter->run()
#10 {main}
CRITICAL - 2022-05-17 17:15:51 --> Unable to connect to the database.
Main connection [MySQLi]: Access denied for user '****'@'localhost' (using password: NO)
#0 C:\laragon\www\store\system\Database\BaseConnection.php(577): CodeIgniter\Database\BaseConnection->initialize()
#1 C:\laragon\www\store\system\Database\BaseBuilder.php(1455): CodeIgniter\Database\BaseConnection->query('SELECT *\nFROM `...', Array, false)
#2 C:\laragon\www\store\system\Model.php(210): CodeIgniter\Database\BaseBuilder->get()
#3 C:\laragon\www\store\system\BaseModel.php(622): CodeIgniter\Model->doFirst()
#4 C:\laragon\www\store\app\Models\clienteModel.php(23): CodeIgniter\BaseModel->first()
#5 C:\laragon\www\store\app\Controllers\Auth.php(68): App\Models\ClienteModel->login(NULL, NULL)
#6 C:\laragon\www\store\system\CodeIgniter.php(825): App\Controllers\Auth->create()
#7 C:\laragon\www\store\system\CodeIgniter.php(412): CodeIgniter\CodeIgniter->runController(Object(App\Controllers\Auth))
#8 C:\laragon\www\store\system\CodeIgniter.php(320): CodeIgniter\CodeIgniter->handleRequest(NULL, Object(Config\Cache), false)
#9 C:\laragon\www\store\public\index.php(37): CodeIgniter\CodeIgniter->run()
#10 {main}
CRITICAL - 2022-05-17 17:15:51 --> Unable to connect to the database.
Main connection [MySQLi]: Access denied for user '****'@'localhost' (using password: NO)
#0 C:\laragon\www\store\system\Database\BaseConnection.php(577): CodeIgniter\Database\BaseConnection->initialize()
#1 C:\laragon\www\store\system\Database\BaseBuilder.php(1455): CodeIgniter\Database\BaseConnection->query('SELECT *\nFROM `...', Array, false)
#2 C:\laragon\www\store\system\Model.php(210): CodeIgniter\Database\BaseBuilder->get()
#3 C:\laragon\www\store\system\BaseModel.php(622): CodeIgniter\Model->doFirst()
#4 C:\laragon\www\store\app\Models\clienteModel.php(23): CodeIgniter\BaseModel->first()
#5 C:\laragon\www\store\app\Controllers\Auth.php(68): App\Models\ClienteModel->login(NULL, NULL)
#6 C:\laragon\www\store\system\CodeIgniter.php(825): App\Controllers\Auth->create()
#7 C:\laragon\www\store\system\CodeIgniter.php(412): CodeIgniter\CodeIgniter->runController(Object(App\Controllers\Auth))
#8 C:\laragon\www\store\system\CodeIgniter.php(320): CodeIgniter\CodeIgniter->handleRequest(NULL, Object(Config\Cache), false)
#9 C:\laragon\www\store\public\index.php(37): CodeIgniter\CodeIgniter->run()
#10 {main}
CRITICAL - 2022-05-17 17:15:51 --> Unable to connect to the database.
Main connection [MySQLi]: Access denied for user '****'@'localhost' (using password: NO)
#0 C:\laragon\www\store\system\Database\BaseConnection.php(577): CodeIgniter\Database\BaseConnection->initialize()
#1 C:\laragon\www\store\system\Database\BaseBuilder.php(1455): CodeIgniter\Database\BaseConnection->query('SELECT *\nFROM `...', Array, false)
#2 C:\laragon\www\store\system\Model.php(210): CodeIgniter\Database\BaseBuilder->get()
#3 C:\laragon\www\store\system\BaseModel.php(622): CodeIgniter\Model->doFirst()
#4 C:\laragon\www\store\app\Models\clienteModel.php(23): CodeIgniter\BaseModel->first()
#5 C:\laragon\www\store\app\Controllers\Auth.php(68): App\Models\ClienteModel->login(NULL, NULL)
#6 C:\laragon\www\store\system\CodeIgniter.php(825): App\Controllers\Auth->create()
#7 C:\laragon\www\store\system\CodeIgniter.php(412): CodeIgniter\CodeIgniter->runController(Object(App\Controllers\Auth))
#8 C:\laragon\www\store\system\CodeIgniter.php(320): CodeIgniter\CodeIgniter->handleRequest(NULL, Object(Config\Cache), false)
#9 C:\laragon\www\store\public\index.php(37): CodeIgniter\CodeIgniter->run()
#10 {main}
ERROR - 2022-05-17 17:16:00 --> Error connecting to the database: Access denied for user '****'@'localhost' (using password: NO)
CRITICAL - 2022-05-17 17:16:00 --> Unable to connect to the database.
Main connection [MySQLi]: Access denied for user '****'@'localhost' (using password: NO)
#0 C:\laragon\www\store\system\Database\BaseConnection.php(577): CodeIgniter\Database\BaseConnection->initialize()
#1 C:\laragon\www\store\system\Database\BaseBuilder.php(1455): CodeIgniter\Database\BaseConnection->query('SELECT *\nFROM `...', Array, false)
#2 C:\laragon\www\store\system\Model.php(210): CodeIgniter\Database\BaseBuilder->get()
#3 C:\laragon\www\store\system\BaseModel.php(622): CodeIgniter\Model->doFirst()
#4 C:\laragon\www\store\app\Models\clienteModel.php(23): CodeIgniter\BaseModel->first()
#5 C:\laragon\www\store\app\Controllers\Auth.php(68): App\Models\ClienteModel->login(NULL, NULL)
#6 C:\laragon\www\store\system\CodeIgniter.php(825): App\Controllers\Auth->create()
#7 C:\laragon\www\store\system\CodeIgniter.php(412): CodeIgniter\CodeIgniter->runController(Object(App\Controllers\Auth))
#8 C:\laragon\www\store\system\CodeIgniter.php(320): CodeIgniter\CodeIgniter->handleRequest(NULL, Object(Config\Cache), false)
#9 C:\laragon\www\store\public\index.php(37): CodeIgniter\CodeIgniter->run()
#10 {main}
ERROR - 2022-05-17 17:16:00 --> Error connecting to the database: Access denied for user '****'@'localhost' (using password: NO)
CRITICAL - 2022-05-17 17:16:01 --> Unable to connect to the database.
Main connection [MySQLi]: Access denied for user '****'@'localhost' (using password: NO)
#0 C:\laragon\www\store\system\Database\BaseConnection.php(577): CodeIgniter\Database\BaseConnection->initialize()
#1 C:\laragon\www\store\system\Database\BaseBuilder.php(1455): CodeIgniter\Database\BaseConnection->query('SELECT *\nFROM `...', Array, false)
#2 C:\laragon\www\store\system\Model.php(210): CodeIgniter\Database\BaseBuilder->get()
#3 C:\laragon\www\store\system\BaseModel.php(622): CodeIgniter\Model->doFirst()
#4 C:\laragon\www\store\app\Models\clienteModel.php(23): CodeIgniter\BaseModel->first()
#5 C:\laragon\www\store\app\Controllers\Auth.php(68): App\Models\ClienteModel->login(NULL, NULL)
#6 C:\laragon\www\store\system\CodeIgniter.php(825): App\Controllers\Auth->create()
#7 C:\laragon\www\store\system\CodeIgniter.php(412): CodeIgniter\CodeIgniter->runController(Object(App\Controllers\Auth))
#8 C:\laragon\www\store\system\CodeIgniter.php(320): CodeIgniter\CodeIgniter->handleRequest(NULL, Object(Config\Cache), false)
#9 C:\laragon\www\store\public\index.php(37): CodeIgniter\CodeIgniter->run()
#10 {main}
ERROR - 2022-05-17 17:16:01 --> Error connecting to the database: Access denied for user '****'@'localhost' (using password: NO)
CRITICAL - 2022-05-17 17:16:01 --> Unable to connect to the database.
Main connection [MySQLi]: Access denied for user '****'@'localhost' (using password: NO)
#0 C:\laragon\www\store\system\Database\BaseConnection.php(577): CodeIgniter\Database\BaseConnection->initialize()
#1 C:\laragon\www\store\system\Database\BaseBuilder.php(1455): CodeIgniter\Database\BaseConnection->query('SELECT *\nFROM `...', Array, false)
#2 C:\laragon\www\store\system\Model.php(210): CodeIgniter\Database\BaseBuilder->get()
#3 C:\laragon\www\store\system\BaseModel.php(622): CodeIgniter\Model->doFirst()
#4 C:\laragon\www\store\app\Models\clienteModel.php(23): CodeIgniter\BaseModel->first()
#5 C:\laragon\www\store\app\Controllers\Auth.php(68): App\Models\ClienteModel->login(NULL, NULL)
#6 C:\laragon\www\store\system\CodeIgniter.php(825): App\Controllers\Auth->create()
#7 C:\laragon\www\store\system\CodeIgniter.php(412): CodeIgniter\CodeIgniter->runController(Object(App\Controllers\Auth))
#8 C:\laragon\www\store\system\CodeIgniter.php(320): CodeIgniter\CodeIgniter->handleRequest(NULL, Object(Config\Cache), false)
#9 C:\laragon\www\store\public\index.php(37): CodeIgniter\CodeIgniter->run()
#10 {main}
ERROR - 2022-05-17 17:16:20 --> Error connecting to the database: Access denied for user '****'@'localhost' (using password: NO)
CRITICAL - 2022-05-17 17:16:20 --> Unable to connect to the database.
Main connection [MySQLi]: Access denied for user '****'@'localhost' (using password: NO)
#0 C:\laragon\www\store\system\Database\BaseConnection.php(577): CodeIgniter\Database\BaseConnection->initialize()
#1 C:\laragon\www\store\system\Database\BaseBuilder.php(1455): CodeIgniter\Database\BaseConnection->query('SELECT *\nFROM `...', Array, false)
#2 C:\laragon\www\store\system\Model.php(210): CodeIgniter\Database\BaseBuilder->get()
#3 C:\laragon\www\store\system\BaseModel.php(622): CodeIgniter\Model->doFirst()
#4 C:\laragon\www\store\app\Models\clienteModel.php(23): CodeIgniter\BaseModel->first()
#5 C:\laragon\www\store\app\Controllers\Auth.php(68): App\Models\ClienteModel->login(NULL, NULL)
#6 C:\laragon\www\store\system\CodeIgniter.php(825): App\Controllers\Auth->create()
#7 C:\laragon\www\store\system\CodeIgniter.php(412): CodeIgniter\CodeIgniter->runController(Object(App\Controllers\Auth))
#8 C:\laragon\www\store\system\CodeIgniter.php(320): CodeIgniter\CodeIgniter->handleRequest(NULL, Object(Config\Cache), false)
#9 C:\laragon\www\store\public\index.php(37): CodeIgniter\CodeIgniter->run()
#10 {main}
ERROR - 2022-05-17 17:23:24 --> Error connecting to the database: Access denied for user '****'@'localhost' (using password: NO)
CRITICAL - 2022-05-17 17:23:24 --> Unable to connect to the database.
Main connection [MySQLi]: Access denied for user '****'@'localhost' (using password: NO)
#0 C:\laragon\www\store\system\Database\BaseConnection.php(577): CodeIgniter\Database\BaseConnection->initialize()
#1 C:\laragon\www\store\system\Database\BaseBuilder.php(1455): CodeIgniter\Database\BaseConnection->query('SELECT *\nFROM `...', Array, false)
#2 C:\laragon\www\store\system\Model.php(210): CodeIgniter\Database\BaseBuilder->get()
#3 C:\laragon\www\store\system\BaseModel.php(622): CodeIgniter\Model->doFirst()
#4 C:\laragon\www\store\app\Models\clienteModel.php(23): CodeIgniter\BaseModel->first()
#5 C:\laragon\www\store\app\Controllers\Auth.php(68): App\Models\ClienteModel->login(NULL, NULL)
#6 C:\laragon\www\store\system\CodeIgniter.php(825): App\Controllers\Auth->create()
#7 C:\laragon\www\store\system\CodeIgniter.php(412): CodeIgniter\CodeIgniter->runController(Object(App\Controllers\Auth))
#8 C:\laragon\www\store\system\CodeIgniter.php(320): CodeIgniter\CodeIgniter->handleRequest(NULL, Object(Config\Cache), false)
#9 C:\laragon\www\store\public\index.php(37): CodeIgniter\CodeIgniter->run()
#10 {main}
ERROR - 2022-05-17 17:23:59 --> Error connecting to the database: Access denied for user '****'@'localhost' (using password: NO)
CRITICAL - 2022-05-17 17:24:00 --> Unable to connect to the database.
Main connection [MySQLi]: Access denied for user '****'@'localhost' (using password: NO)
#0 C:\laragon\www\store\system\Database\BaseConnection.php(577): CodeIgniter\Database\BaseConnection->initialize()
#1 C:\laragon\www\store\system\Database\BaseBuilder.php(1455): CodeIgniter\Database\BaseConnection->query('SELECT *\nFROM `...', Array, false)
#2 C:\laragon\www\store\system\Model.php(210): CodeIgniter\Database\BaseBuilder->get()
#3 C:\laragon\www\store\system\BaseModel.php(622): CodeIgniter\Model->doFirst()
#4 C:\laragon\www\store\app\Models\clienteModel.php(23): CodeIgniter\BaseModel->first()
#5 C:\laragon\www\store\app\Controllers\Auth.php(68): App\Models\ClienteModel->login(NULL, NULL)
#6 C:\laragon\www\store\system\CodeIgniter.php(825): App\Controllers\Auth->create()
#7 C:\laragon\www\store\system\CodeIgniter.php(412): CodeIgniter\CodeIgniter->runController(Object(App\Controllers\Auth))
#8 C:\laragon\www\store\system\CodeIgniter.php(320): CodeIgniter\CodeIgniter->handleRequest(NULL, Object(Config\Cache), false)
#9 C:\laragon\www\store\public\index.php(37): CodeIgniter\CodeIgniter->run()
#10 {main}
ERROR - 2022-05-17 17:24:01 --> Error connecting to the database: Access denied for user '****'@'localhost' (using password: NO)
CRITICAL - 2022-05-17 17:24:01 --> Unable to connect to the database.
Main connection [MySQLi]: Access denied for user '****'@'localhost' (using password: NO)
#0 C:\laragon\www\store\system\Database\BaseConnection.php(577): CodeIgniter\Database\BaseConnection->initialize()
#1 C:\laragon\www\store\system\Database\BaseBuilder.php(1455): CodeIgniter\Database\BaseConnection->query('SELECT *\nFROM `...', Array, false)
#2 C:\laragon\www\store\system\Model.php(210): CodeIgniter\Database\BaseBuilder->get()
#3 C:\laragon\www\store\system\BaseModel.php(622): CodeIgniter\Model->doFirst()
#4 C:\laragon\www\store\app\Models\clienteModel.php(23): CodeIgniter\BaseModel->first()
#5 C:\laragon\www\store\app\Controllers\Auth.php(68): App\Models\ClienteModel->login(NULL, NULL)
#6 C:\laragon\www\store\system\CodeIgniter.php(825): App\Controllers\Auth->create()
#7 C:\laragon\www\store\system\CodeIgniter.php(412): CodeIgniter\CodeIgniter->runController(Object(App\Controllers\Auth))
#8 C:\laragon\www\store\system\CodeIgniter.php(320): CodeIgniter\CodeIgniter->handleRequest(NULL, Object(Config\Cache), false)
#9 C:\laragon\www\store\public\index.php(37): CodeIgniter\CodeIgniter->run()
#10 {main}
